[INFO] Scanning for projects...
[INFO] 
[INFO] ---------------< com.laneway:employee-management-portal >---------------
[INFO] Building  0.0.1-SNAPSHOT
[INFO]   from pom.xml
[INFO] --------------------------------[ jar ]---------------------------------
[INFO] 
[INFO] >>> spring-boot:3.5.15:run (default-cli) > test-compile @ employee-management-portal >>>
[INFO] 
[INFO] --- resources:3.3.1:resources (default-resources) @ employee-management-portal ---
[INFO] Copying 1 resource from src\main\resources to target\classes
[INFO] Copying 0 resource from src\main\resources to target\classes
[INFO] 
[INFO] --- compiler:3.14.1:compile (default-compile) @ employee-management-portal ---
[INFO] Nothing to compile - all classes are up to date.
[INFO] 
[INFO] --- resources:3.3.1:testResources (default-testResources) @ employee-management-portal ---
[INFO] skip non existing resourceDirectory C:\Users\hardi\OneDrive\Desktop\employee-management-portal\employee-management-portal\src\test\resources
[INFO] 
[INFO] --- compiler:3.14.1:testCompile (default-testCompile) @ employee-management-portal ---
[INFO] Nothing to compile - all classes are up to date.
[INFO] 
[INFO] <<< spring-boot:3.5.15:run (default-cli) < test-compile @ employee-management-portal <<<
[INFO] 
[INFO] 
[INFO] --- spring-boot:3.5.15:run (default-cli) @ employee-management-portal ---
[INFO] Attaching agents: []

  .   ____          _            __ _ _
 /\\ / ___'_ __ _ _(_)_ __  __ _ \ \ \ \
( ( )\___ | '_ | '_| | '_ \/ _` | \ \ \ \
 \\/  ___)| |_)| | | | | || (_| |  ) ) ) )
  '  |____| .__|_| |_|_| |_\__, | / / / /
 =========|_|==============|___/=/_/_/_/

 :: Spring Boot ::               (v3.5.15)

2026-06-29T00:04:30.450+05:30  INFO 84068 --- [employee-management-portal] [  restartedMain] .l.e.EmployeeManagementPortalApplication : Starting EmployeeManagementPortalApplication using Java 21.0.8 with PID 84068 (C:\Users\hardi\OneDrive\Desktop\employee-management-portal\employee-management-portal\target\classes started by hardi in C:\Users\hardi\OneDrive\Desktop\employee-management-portal\employee-management-portal)
2026-06-29T00:04:30.453+05:30  INFO 84068 --- [employee-management-portal] [  restartedMain] .l.e.EmployeeManagementPortalApplication : No active profile set, falling back to 1 default profile: "default"
2026-06-29T00:04:30.502+05:30  INFO 84068 --- [employee-management-portal] [  restartedMain] .e.DevToolsPropertyDefaultsPostProcessor : Devtools property defaults active! Set 'spring.devtools.add-properties' to 'false' to disable
2026-06-29T00:04:30.502+05:30  INFO 84068 --- [employee-management-portal] [  restartedMain] .e.DevToolsPropertyDefaultsPostProcessor : For additional web related logging consider setting the 'logging.level.web' property to 'DEBUG'
2026-06-29T00:04:31.227+05:30  INFO 84068 --- [employee-management-portal] [  restartedMain] .s.d.r.c.RepositoryConfigurationDelegate : Bootstrapping Spring Data JPA repositories in DEFAULT mode.
2026-06-29T00:04:31.320+05:30  INFO 84068 --- [employee-management-portal] [  restartedMain] .s.d.r.c.RepositoryConfigurationDelegate : Finished Spring Data repository scanning in 82 ms. Found 9 JPA repository interfaces.
2026-06-29T00:04:32.064+05:30  INFO 84068 --- [employee-management-portal] [  restartedMain] o.s.b.w.embedded.tomcat.TomcatWebServer  : Tomcat initialized with port 8080 (http)
2026-06-29T00:04:32.080+05:30  INFO 84068 --- [employee-management-portal] [  restartedMain] o.apache.catalina.core.StandardService   : Starting service [Tomcat]
2026-06-29T00:04:32.080+05:30  INFO 84068 --- [employee-management-portal] [  restartedMain] o.apache.catalina.core.StandardEngine    : Starting Servlet engine: [Apache Tomcat/10.1.55]
2026-06-29T00:04:32.122+05:30  INFO 84068 --- [employee-management-portal] [  restartedMain] o.a.c.c.C.[Tomcat].[localhost].[/]       : Initializing Spring embedded WebApplicationContext
2026-06-29T00:04:32.123+05:30  INFO 84068 --- [employee-management-portal] [  restartedMain] w.s.c.ServletWebServerApplicationContext : Root WebApplicationContext: initialization completed in 1619 ms
2026-06-29T00:04:32.252+05:30  INFO 84068 --- [employee-management-portal] [  restartedMain] o.hibernate.jpa.internal.util.LogHelper  : HHH000204: Processing PersistenceUnitInfo [name: default]
2026-06-29T00:04:32.323+05:30  INFO 84068 --- [employee-management-portal] [  restartedMain] org.hibernate.Version                    : HHH000412: Hibernate ORM core version 6.6.53.Final
2026-06-29T00:04:32.360+05:30  INFO 84068 --- [employee-management-portal] [  restartedMain] o.h.c.internal.RegionFactoryInitiator    : HHH000026: Second-level cache disabled
2026-06-29T00:04:32.600+05:30  INFO 84068 --- [employee-management-portal] [  restartedMain] o.s.o.j.p.SpringPersistenceUnitInfo      : No LoadTimeWeaver setup: ignoring JPA class transformer
2026-06-29T00:04:32.647+05:30  INFO 84068 --- [employee-management-portal] [  restartedMain] com.zaxxer.hikari.HikariDataSource       : HikariPool-1 - Starting...
2026-06-29T00:04:33.160+05:30  INFO 84068 --- [employee-management-portal] [  restartedMain] com.zaxxer.hikari.pool.HikariPool        : HikariPool-1 - Added connection com.mysql.cj.jdbc.ConnectionImpl@2b6af588
2026-06-29T00:04:33.162+05:30  INFO 84068 --- [employee-management-portal] [  restartedMain] com.zaxxer.hikari.HikariDataSource       : HikariPool-1 - Start completed.
2026-06-29T00:04:33.230+05:30  WARN 84068 --- [employee-management-portal] [  restartedMain] org.hibernate.orm.deprecation            : HHH90000025: MySQLDialect does not need to be specified explicitly using 'hibernate.dialect' (remove the property setting and it will be selected by default)
2026-06-29T00:04:33.260+05:30  INFO 84068 --- [employee-management-portal] [  restartedMain] org.hibernate.orm.connections.pooling    : HHH10001005: Database info:
	Database JDBC URL [Connecting through datasource 'HikariDataSource (HikariPool-1)']
	Database driver: undefined/unknown
	Database version: 8.0.44
	Autocommit mode: undefined/unknown
	Isolation level: undefined/unknown
	Minimum pool size: undefined/unknown
	Maximum pool size: undefined/unknown
2026-06-29T00:04:34.825+05:30  INFO 84068 --- [employee-management-portal] [  restartedMain] o.h.e.t.j.p.i.JtaPlatformInitiator       : HHH000489: No JTA platform available (set 'hibernate.transaction.jta.platform' to enable JTA platform integration)
2026-06-29T00:04:34.965+05:30  INFO 84068 --- [employee-management-portal] [  restartedMain] j.LocalContainerEntityManagerFactoryBean : Initialized JPA EntityManagerFactory for persistence unit 'default'
2026-06-29T00:04:35.543+05:30  INFO 84068 --- [employee-management-portal] [  restartedMain] r$InitializeUserDetailsManagerConfigurer : Global AuthenticationManager configured with UserDetailsService bean with name customUserDetailsService
2026-06-29T00:04:35.689+05:30  WARN 84068 --- [employee-management-portal] [  restartedMain] JpaBaseConfiguration$JpaWebConfiguration : spring.jpa.open-in-view is enabled by default. Therefore, database queries may be performed during view rendering. Explicitly configure spring.jpa.open-in-view to disable this warning
2026-06-29T00:04:36.445+05:30  INFO 84068 --- [employee-management-portal] [  restartedMain] o.s.b.d.a.OptionalLiveReloadServer       : LiveReload server is running on port 35729
2026-06-29T00:04:36.485+05:30  INFO 84068 --- [employee-management-portal] [  restartedMain] o.s.b.w.embedded.tomcat.TomcatWebServer  : Tomcat started on port 8080 (http) with context path '/'
2026-06-29T00:04:36.494+05:30  INFO 84068 --- [employee-management-portal] [  restartedMain] .l.e.EmployeeManagementPortalApplication : Started EmployeeManagementPortalApplication in 6.429 seconds (process running for 6.899)
========== DATA SEEDER STARTED ==========
Hibernate: 
    select
        count(*) 
    from
        departments d1_0
Data Seeder: Database already contains data. Skipping default insertion.
Hibernate: 
    select
        u1_0.id,
        u1_0.employee_id,
        u1_0.password,
        u1_0.role,
        u1_0.username 
    from
        users u1_0 
    where
        u1_0.username=?
Hibernate: 
    select
        u1_0.id,
        u1_0.employee_id,
        u1_0.password,
        u1_0.role,
        u1_0.username 
    from
        users u1_0 
    where
        u1_0.id=?
Hibernate: 
    update
        users 
    set
        employee_id=?,
        password=?,
        role=?,
        username=? 
    where
        id=?
Data Seeder: Admin user exists. Reset password -> username: admin / password: Admin@123
========== DATA SEEDER FINISHED ==========
2026-06-29T00:05:54.056+05:30  INFO 84068 --- [employee-management-portal] [nio-8080-exec-1] o.a.c.c.C.[Tomcat].[localhost].[/]       : Initializing Spring DispatcherServlet 'dispatcherServlet'
2026-06-29T00:05:54.056+05:30  INFO 84068 --- [employee-management-portal] [nio-8080-exec-1] o.s.web.servlet.DispatcherServlet        : Initializing Servlet 'dispatcherServlet'
2026-06-29T00:05:54.057+05:30  INFO 84068 --- [employee-management-portal] [nio-8080-exec-1] o.s.web.servlet.DispatcherServlet        : Completed initialization in 1 ms
Hibernate: 
    select
        u1_0.id,
        u1_0.employee_id,
        u1_0.password,
        u1_0.role,
        u1_0.username 
    from
        users u1_0 
    where
        u1_0.username=?
Hibernate: 
    select
        u1_0.id,
        u1_0.employee_id,
        u1_0.password,
        u1_0.role,
        u1_0.username 
    from
        users u1_0 
    where
        u1_0.username=?
Hibernate: 
    select
        u1_0.id,
        u1_0.employee_id,
        u1_0.password,
        u1_0.role,
        u1_0.username 
    from
        users u1_0 
    where
        u1_0.username=?
2026-06-29T00:05:54.515+05:30  WARN 84068 --- [employee-management-portal] [nio-8080-exec-2] .m.m.a.ExceptionHandlerExceptionResolver : Resolved [org.springframework.security.authentication.BadCredentialsException: Bad credentials]
Hibernate: 
    select
        u1_0.id,
        u1_0.employee_id,
        u1_0.password,
        u1_0.role,
        u1_0.username 
    from
        users u1_0 
    where
        u1_0.username=?
Hibernate: 
    select
        count(e1_0.id) 
    from
        employees e1_0 
    where
        not(e1_0.deleted)
Hibernate: 
    select
        count(*) 
    from
        departments d1_0
Hibernate: 
    select
        count(*) 
    from
        projects p1_0
Hibernate: 
    select
        count(l1_0.id) 
    from
        leaves l1_0 
    where
        l1_0.status=?
Hibernate: 
    select
        count(*) 
    from
        announcements a1_0
Hibernate: 
    select
        u1_0.id,
        u1_0.employee_id,
        u1_0.password,
        u1_0.role,
        u1_0.username 
    from
        users u1_0 
    where
        u1_0.username=?
2026-06-29T00:13:03.348+05:30  WARN 84068 --- [employee-management-portal] [nio-8080-exec-6] .m.m.a.ExceptionHandlerExceptionResolver : Resolved [org.springframework.security.authentication.BadCredentialsException: Bad credentials]
Hibernate: 
    select
        u1_0.id,
        u1_0.employee_id,
        u1_0.password,
        u1_0.role,
        u1_0.username 
    from
        users u1_0 
    where
        u1_0.username=?
Hibernate: 
    select
        u1_0.id,
        u1_0.employee_id,
        u1_0.password,
        u1_0.role,
        u1_0.username 
    from
        users u1_0 
    where
        u1_0.username=?
Hibernate: 
    select
        u1_0.id,
        u1_0.employee_id,
        u1_0.password,
        u1_0.role,
        u1_0.username 
    from
        users u1_0 
    where
        u1_0.username=?
Hibernate: 
    select
        count(e1_0.id) 
    from
        employees e1_0 
    where
        not(e1_0.deleted)
Hibernate: 
    select
        count(*) 
    from
        departments d1_0
Hibernate: 
    select
        count(*) 
    from
        projects p1_0
Hibernate: 
    select
        count(l1_0.id) 
    from
        leaves l1_0 
    where
        l1_0.status=?
Hibernate: 
    select
        count(*) 
    from
        announcements a1_0
Hibernate: 
    select
        u1_0.id,
        u1_0.employee_id,
        u1_0.password,
        u1_0.role,
        u1_0.username 
    from
        users u1_0 
    where
        u1_0.username=?
Hibernate: 
    select
        count(e1_0.id) 
    from
        employees e1_0 
    where
        not(e1_0.deleted)
Hibernate: 
    select
        count(*) 
    from
        departments d1_0
Hibernate: 
    select
        count(*) 
    from
        projects p1_0
Hibernate: 
    select
        count(l1_0.id) 
    from
        leaves l1_0 
    where
        l1_0.status=?
Hibernate: 
    select
        count(*) 
    from
        announcements a1_0
Hibernate: 
    select
        u1_0.id,
        u1_0.employee_id,
        u1_0.password,
        u1_0.role,
        u1_0.username 
    from
        users u1_0 
    where
        u1_0.username=?
Hibernate: 
    select
        count(e1_0.id) 
    from
        employees e1_0 
    where
        not(e1_0.deleted)
Hibernate: 
    select
        count(*) 
    from
        departments d1_0
Hibernate: 
    select
        count(*) 
    from
        projects p1_0
Hibernate: 
    select
        count(l1_0.id) 
    from
        leaves l1_0 
    where
        l1_0.status=?
Hibernate: 
    select
        count(*) 
    from
        announcements a1_0
Hibernate: 
    select
        u1_0.id,
        u1_0.employee_id,
        u1_0.password,
        u1_0.role,
        u1_0.username 
    from
        users u1_0 
    where
        u1_0.username=?
Hibernate: 
    select
        count(e1_0.id) 
    from
        employees e1_0 
    where
        not(e1_0.deleted)
Hibernate: 
    select
        count(*) 
    from
        departments d1_0
Hibernate: 
    select
        count(*) 
    from
        projects p1_0
Hibernate: 
    select
        count(l1_0.id) 
    from
        leaves l1_0 
    where
        l1_0.status=?
Hibernate: 
    select
        count(*) 
    from
        announcements a1_0
Hibernate: 
    select
        u1_0.id,
        u1_0.employee_id,
        u1_0.password,
        u1_0.role,
        u1_0.username 
    from
        users u1_0 
    where
        u1_0.username=?
Hibernate: 
    select
        u1_0.id,
        u1_0.employee_id,
        u1_0.password,
        u1_0.role,
        u1_0.username 
    from
        users u1_0 
    where
        u1_0.username=?
Hibernate: 
    select
        u1_0.id,
        u1_0.employee_id,
        u1_0.password,
        u1_0.role,
        u1_0.username 
    from
        users u1_0 
    where
        u1_0.username=?
Hibernate: 
    select
        count(e1_0.id) 
    from
        employees e1_0 
    where
        not(e1_0.deleted)
Hibernate: 
    select
        count(*) 
    from
        departments d1_0
Hibernate: 
    select
        count(*) 
    from
        projects p1_0
Hibernate: 
    select
        count(l1_0.id) 
    from
        leaves l1_0 
    where
        l1_0.status=?
Hibernate: 
    select
        count(*) 
    from
        announcements a1_0
Hibernate: 
    select
        u1_0.id,
        u1_0.employee_id,
        u1_0.password,
        u1_0.role,
        u1_0.username 
    from
        users u1_0 
    where
        u1_0.username=?
Hibernate: 
    select
        count(e1_0.id) 
    from
        employees e1_0 
    where
        not(e1_0.deleted)
Hibernate: 
    select
        count(*) 
    from
        departments d1_0
Hibernate: 
    select
        count(*) 
    from
        projects p1_0
Hibernate: 
    select
        count(l1_0.id) 
    from
        leaves l1_0 
    where
        l1_0.status=?
Hibernate: 
    select
        count(*) 
    from
        announcements a1_0
Hibernate: 
    select
        u1_0.id,
        u1_0.employee_id,
        u1_0.password,
        u1_0.role,
        u1_0.username 
    from
        users u1_0 
    where
        u1_0.username=?
Hibernate: 
    select
        count(e1_0.id) 
    from
        employees e1_0 
    where
        not(e1_0.deleted)
Hibernate: 
    select
        count(*) 
    from
        departments d1_0
Hibernate: 
    select
        count(*) 
    from
        projects p1_0
Hibernate: 
    select
        count(l1_0.id) 
    from
        leaves l1_0 
    where
        l1_0.status=?
Hibernate: 
    select
        count(*) 
    from
        announcements a1_0
Hibernate: 
    select
        u1_0.id,
        u1_0.employee_id,
        u1_0.password,
        u1_0.role,
        u1_0.username 
    from
        users u1_0 
    where
        u1_0.username=?
Hibernate: 
    select
        count(e1_0.id) 
    from
        employees e1_0 
    where
        not(e1_0.deleted)
Hibernate: 
    select
        count(*) 
    from
        departments d1_0
Hibernate: 
    select
        count(*) 
    from
        projects p1_0
Hibernate: 
    select
        count(l1_0.id) 
    from
        leaves l1_0 
    where
        l1_0.status=?
Hibernate: 
    select
        count(*) 
    from
        announcements a1_0
Hibernate: 
    select
        u1_0.id,
        u1_0.employee_id,
        u1_0.password,
        u1_0.role,
        u1_0.username 
    from
        users u1_0 
    where
        u1_0.username=?
Hibernate: 
    select
        count(e1_0.id) 
    from
        employees e1_0 
    where
        not(e1_0.deleted)
Hibernate: 
    select
        count(*) 
    from
        departments d1_0
Hibernate: 
    select
        count(*) 
    from
        projects p1_0
Hibernate: 
    select
        count(l1_0.id) 
    from
        leaves l1_0 
    where
        l1_0.status=?
Hibernate: 
    select
        count(*) 
    from
        announcements a1_0
Hibernate: 
    select
        u1_0.id,
        u1_0.employee_id,
        u1_0.password,
        u1_0.role,
        u1_0.username 
    from
        users u1_0 
    where
        u1_0.username=?
Hibernate: 
    select
        count(e1_0.id) 
    from
        employees e1_0 
    where
        not(e1_0.deleted)
Hibernate: 
    select
        count(*) 
    from
        departments d1_0
Hibernate: 
    select
        count(*) 
    from
        projects p1_0
Hibernate: 
    select
        count(l1_0.id) 
    from
        leaves l1_0 
    where
        l1_0.status=?
Hibernate: 
    select
        count(*) 
    from
        announcements a1_0
Hibernate: 
    select
        u1_0.id,
        u1_0.employee_id,
        u1_0.password,
        u1_0.role,
        u1_0.username 
    from
        users u1_0 
    where
        u1_0.username=?
Hibernate: 
    select
        count(e1_0.id) 
    from
        employees e1_0 
    where
        not(e1_0.deleted)
Hibernate: 
    select
        count(*) 
    from
        departments d1_0
Hibernate: 
    select
        count(*) 
    from
        projects p1_0
Hibernate: 
    select
        count(l1_0.id) 
    from
        leaves l1_0 
    where
        l1_0.status=?
Hibernate: 
    select
        count(*) 
    from
        announcements a1_0
Hibernate: 
    select
        u1_0.id,
        u1_0.employee_id,
        u1_0.password,
        u1_0.role,
        u1_0.username 
    from
        users u1_0 
    where
        u1_0.username=?
Hibernate: 
    select
        count(e1_0.id) 
    from
        employees e1_0 
    where
        not(e1_0.deleted)
Hibernate: 
    select
        count(*) 
    from
        departments d1_0
Hibernate: 
    select
        count(*) 
    from
        projects p1_0
Hibernate: 
    select
        count(l1_0.id) 
    from
        leaves l1_0 
    where
        l1_0.status=?
Hibernate: 
    select
        count(*) 
    from
        announcements a1_0
Hibernate: 
    select
        u1_0.id,
        u1_0.employee_id,
        u1_0.password,
        u1_0.role,
        u1_0.username 
    from
        users u1_0 
    where
        u1_0.username=?
Hibernate: 
    select
        u1_0.id,
        u1_0.employee_id,
        u1_0.password,
        u1_0.role,
        u1_0.username 
    from
        users u1_0 
    where
        u1_0.username=?
Hibernate: 
    select
        u1_0.id,
        u1_0.employee_id,
        u1_0.password,
        u1_0.role,
        u1_0.username 
    from
        users u1_0 
    where
        u1_0.username=?
Hibernate: 
    select
        count(e1_0.id) 
    from
        employees e1_0 
    where
        not(e1_0.deleted)
Hibernate: 
    select
        count(*) 
    from
        departments d1_0
Hibernate: 
    select
        count(*) 
    from
        projects p1_0
Hibernate: 
    select
        count(l1_0.id) 
    from
        leaves l1_0 
    where
        l1_0.status=?
Hibernate: 
    select
        count(*) 
    from
        announcements a1_0
Hibernate: 
    select
        u1_0.id,
        u1_0.employee_id,
        u1_0.password,
        u1_0.role,
        u1_0.username 
    from
        users u1_0 
    where
        u1_0.username=?
Hibernate: 
    select
        count(e1_0.id) 
    from
        employees e1_0 
    where
        not(e1_0.deleted)
Hibernate: 
    select
        count(*) 
    from
        departments d1_0
Hibernate: 
    select
        count(*) 
    from
        projects p1_0
Hibernate: 
    select
        count(l1_0.id) 
    from
        leaves l1_0 
    where
        l1_0.status=?
Hibernate: 
    select
        count(*) 
    from
        announcements a1_0
